-------------------------------------------------------------------------------
Test set: com.example.arrowheadmodbus.ModbusServiceTests
-------------------------------------------------------------------------------
Tests run: 2, Failures: 0, Errors: 2, Skipped: 0, Time elapsed: 1.171 s <<< FAILURE! - in com.example.arrowheadmodbus.ModbusServiceTests
testWriteCoil  Time elapsed: 0.004 s  <<< ERROR!
java.lang.IllegalStateException: Failed to load ApplicationContext
Caused by: org.springframework.beans.factory.BeanCreationException: Error creating bean with name 'arrowheadRegistrationService': Invocation of init method failed; nested exception is org.springframework.web.client.ResourceAccessException: I/O error on POST request for "http://arrowhead-service-registry:8443/serviceregistry/register": arrowhead-service-registry; nested exception is java.net.UnknownHostException: arrowhead-service-registry
Caused by: org.springframework.web.client.ResourceAccessException: I/O error on POST request for "http://arrowhead-service-registry:8443/serviceregistry/register": arrowhead-service-registry; nested exception is java.net.UnknownHostException: arrowhead-service-registry
Caused by: java.net.UnknownHostException: arrowhead-service-registry

testReadDiscreteInputs  Time elapsed: 0 s  <<< ERROR!
java.lang.IllegalStateException: Failed to load ApplicationContext
Caused by: org.springframework.beans.factory.BeanCreationException: Error creating bean with name 'arrowheadRegistrationService': Invocation of init method failed; nested exception is org.springframework.web.client.ResourceAccessException: I/O error on POST request for "http://arrowhead-service-registry:8443/serviceregistry/register": arrowhead-service-registry; nested exception is java.net.UnknownHostException: arrowhead-service-registry
Caused by: org.springframework.web.client.ResourceAccessException: I/O error on POST request for "http://arrowhead-service-registry:8443/serviceregistry/register": arrowhead-service-registry; nested exception is java.net.UnknownHostException: arrowhead-service-registry
Caused by: java.net.UnknownHostException: arrowhead-service-registry

